2026-03-17 04:13:45,957 - __main__ - INFO - Starting backend server...
2026-03-17 04:13:45,957 - __main__ - INFO - Starting frontend server...
2026-03-17 04:13:50,958 - __main__ - INFO - Opening browser at http://localhost:8501
2026-03-17 04:13:58,264 - __main__ - INFO - Loading TF-IDF model from E:\Project\Fake news detection\NewsGuard\models\tfidf_logreg.pkl
2026-03-17 04:14:19,722 - __main__ - INFO - Loading BERT model from E:\Project\Fake news detection\NewsGuard\models\bert
2026-03-17 04:14:25,931 - werkzeug - INFO - [31m[1mWARNING: This is a development server. Do not use it in a production deployment. Use a production WSGI server instead.[0m
 * Running on all addresses (0.0.0.0)
 * Running on http://127.0.0.1:5000
 * Running on http://10.166.198.172:5000
2026-03-17 04:14:25,932 - werkzeug - INFO - [33mPress CTRL+C to quit[0m
2026-03-17 04:14:25,954 - werkzeug - INFO -  * Restarting with watchdog (windowsapi)
2026-03-17 04:14:31,015 - __main__ - INFO - Loading TF-IDF model from E:\Project\Fake news detection\NewsGuard\models\tfidf_logreg.pkl
2026-03-17 04:14:36,758 - __main__ - INFO - Loading BERT model from E:\Project\Fake news detection\NewsGuard\models\bert
2026-03-17 04:14:39,684 - werkzeug - WARNING -  * Debugger is active!
2026-03-17 04:14:39,696 - werkzeug - INFO -  * Debugger PIN: 133-523-044
2026-03-17 04:14:40,029 - __main__ - INFO - Scrape request: url=https://indianexpress.com/article/india/to-attari-and-back-jk-constable-i-would-rather-die-than-go-to-pakistan-9979731/
2026-03-17 04:14:42,512 - __main__ - INFO - Successfully extracted 901 words from https://indianexpress.com/article/india/to-attari-and-back-jk-constable-i-would-rather-die-than-go-to-pakistan-9979731/
2026-03-17 04:14:42,514 - werkzeug - INFO - 127.0.0.1 - - [17/Mar/2026 04:14:42] "POST /scrape HTTP/1.1" 200 -
2026-03-17 04:14:44,553 - __main__ - INFO - Received prediction request: {'text': 'On April 26, when a senior officer called him to say that he and his eight siblings had to leave India because they were considered Pakistan citizens, Iftkhar Ali felt as if someone had cut the ground from beneath his feet. Having served 27 years in the JK Police service and knowing no other home, he told his shocked superior officer he would kill himself rather than cross the border. Like you, I too had only heard of Pakistan, Iftkhar, a 45-year-old constable from Salwah village in Jammu and Kashmirs Poonch district, tells The Indian Express now. I have everything  my wife and children, relatives, friends, and colleagues  here. Theres nothing in Pakistan. On April 29  three days after he and his eight siblings were issued a Leave India notice in the aftermath of the Pahalgam terror attack  the Jammu and Kashmir High Court stayed it, ordering the central government and the JK administration against forcing them to leave India. The order came on the back of a petition that he filed in the High Court against the notice. As a result, Ali and his eight siblings  older brothers Zulfqar Ali, 49, Mohammad Shafiq, 60, and Mohammad Shakoor, 52; and his sisters Shazia Tabsam, 42, Kouser Parveen, 47, Naseem Akhter, 50, Akseer Akhtar, 54, and Nashroon Akhter, 56  have now returned to the village. Although he got a notice, neither his wife nor his three minor sons got one because they were all born in India, they didnt get the notice, he says. The eighth of nine children, Ali was two years old when his parents, Faqur Din and Fatima Bi, brought him to the erstwhile state of JK. In their petition, Iftikhar and his siblings said that their father Faqur Din was a hereditary state subject and Indian citizen according to the 1955 Citizenship Act. They also said he owned about 17 acres of land and a house at Salwah village, adding that their father was considered a permanent resident of JK even at the time of enactment of the JK Constitution in 1957. A permanent resident certificate was a document previously issued under the Jammu and Kashmir Permanent Resident Certificate (Procedure) Act, 1963, to prove ones permanent residence in the former state of Jammu and Kashmir. A feature under the special status offered to the state, the certification ceased to exist after the Article 370 in 2019. According to the petition, what cast shadows over their citizenship is that during the 1965 war, Pakistan took over areas along the Line of Control, including the place where Faqur Din and his wife Fatima Bi lived with children, then three. As a result, the family spent years at a camp in Tralkhal in Pakistan-occupied-Kashmir, during which time the couple had six more children. Locals in the area claim Faqur Din and his family returned to Salwah in 1983. Posted in Katra since earlier this year, Iftkhar joined the state police in the late 90s  when militancy was at its peak. His first posting was in 1998 at Deval Police Post in Reasi districts Gulabgarh area, he says. It was his senior officer from Mendhar police station in Poonch who called him about the Leave India notice that the Poonch Deputy Commissioner had issued. On hearing myself being dubbed as a Pakistani national, I was shocked, he says. I told them I would rather die than put my signature on it, but I was advised to do so, and eventually, I approached the HC. Earlier this week, even while his siblings were taken to the Attari border, he approached the High Court with his brother Zulfikar. Then, the two brothers, by then taken into police custody and kept at Belicharana, waited for the court ruling. In his order Tuesday, Justice Rahul Bharti said prima facie a case is made out from the revenue papers that their counsel had submitted that they were not Pakistani citizens. The court also asked the Deputy Commissioner of Poonch to file an affidavit recording details of any property that the petitioners held, either in their own name or in reference to their late father Faqur Din. This came after the siblings claimed that the Faqur Din and his family did not enter India stealthily, but had, soon after came back, filed a petition in the High Court seeking that they be considered Indian citizens. The petition was, however, rejected by court with the observation that the right to citizenship can be decided only by an appropriate authority  the central government, the siblings petition in the court said. According to the family, they finally became state subjects  Iftkhar in 1997 and his siblings in 2000. Safeer Choudhary, an activist who protested against the deportation, says Iftkars parents are buried at Salwah and all his family members are well-known for their pro-India stance. During the last over three decades of militancy in Jammu and Kashmir, none of them have ever been called by police or Army for questioning even on suspicion, he claims. For Iftkhar, it is the support he got from the JK Police force during this trying time that he most appreciates. Ever since his return, theres been a steady stream of visitors at home, all offering their good wishes, the policeman says. I will always remain grateful to them for that, he says. Stay updated with the latest - Click here to follow us on Instagram', 'model': 'bert'}
2026-03-17 04:14:44,554 - __main__ - INFO - Prediction request: model=bert, text_length=5219
2026-03-17 04:14:44,666 - __main__ - INFO - Original text: On April 26, when a senior officer called him to say that he and his eight siblings had to leave India because they were considered Pakistan citizens, Iftkhar Ali felt as if someone had cut the ground...
2026-03-17 04:14:44,673 - __main__ - INFO - Processed text: april 26 , senior officer called say eight siblings leave india considered pakistan citizens , iftkhar ali felt someone cut ground beneath feet . served 27 years jk police service knowing home , told ...
2026-03-17 04:14:45,611 - __main__ - INFO - Saved analysis result to E:\Project\Fake news detection\NewsGuard\analysis_history\354f1dde-412d-4fa2-a4fb-356f4d9dd449.json
2026-03-17 04:14:45,612 - __main__ - INFO - Prediction result: REAL with confidence 0.50
2026-03-17 04:14:45,614 - werkzeug - INFO - 127.0.0.1 - - [17/Mar/2026 04:14:45] "POST /predict HTTP/1.1" 200 -
2026-03-17 04:15:49,418 - werkzeug - INFO -  * Detected change in 'E:\\Project\\Fake news detection\\NewsGuard\\run.py', reloading
2026-03-17 04:15:51,722 - werkzeug - INFO -  * Restarting with watchdog (windowsapi)
2026-03-17 04:15:58,933 - __main__ - INFO - Loading TF-IDF model from E:\Project\Fake news detection\NewsGuard\models\tfidf_logreg.pkl
2026-03-17 04:16:06,196 - __main__ - INFO - Loading BERT model from E:\Project\Fake news detection\NewsGuard\models\bert
2026-03-17 04:16:11,133 - werkzeug - WARNING -  * Debugger is active!
2026-03-17 04:16:11,153 - werkzeug - INFO -  * Debugger PIN: 133-523-044
2026-03-17 04:20:43,242 - __main__ - INFO - Frontend server stopped by user
